\BOOKMARK [0][-]{chapter.1}{Introduzione}{}% 1
\BOOKMARK [0][-]{chapter.2}{Fondamentali}{}% 2
\BOOKMARK [1][-]{section.2.1}{Scansione dell'ambiente}{chapter.2}% 3
\BOOKMARK [1][-]{section.2.2}{Raccoglimento dei dati}{chapter.2}% 4
\BOOKMARK [1][-]{section.2.3}{Onde Magnetiche}{chapter.2}% 5
\BOOKMARK [1][-]{section.2.4}{Elaborazione dei dati}{chapter.2}% 6
\BOOKMARK [2][-]{subsection.2.4.1}{Estrazione del magnitudo}{section.2.4}% 7
\BOOKMARK [2][-]{subsection.2.4.2}{Raggruppamento}{section.2.4}% 8
\BOOKMARK [2][-]{subsection.2.4.3}{Estrazione degli attributi}{section.2.4}% 9
\BOOKMARK [1][-]{section.2.5}{Costruzione di un modello}{chapter.2}% 10
\BOOKMARK [1][-]{section.2.6}{IA ed Apprendimento}{chapter.2}% 11
\BOOKMARK [1][-]{section.2.7}{Tipi di apprendimento}{chapter.2}% 12
\BOOKMARK [1][-]{section.2.8}{Alcune nozioni sull'apprendimento automatico}{chapter.2}% 13
\BOOKMARK [2][-]{subsection.2.8.1}{Verifica delle prestazioni}{section.2.8}% 14
\BOOKMARK [2][-]{subsection.2.8.2}{Rumore e sovradattamento}{section.2.8}% 15
\BOOKMARK [2][-]{subsection.2.8.3}{Cross validation}{section.2.8}% 16
\BOOKMARK [1][-]{section.2.9}{K Nearest Neightbour}{chapter.2}% 17
\BOOKMARK [2][-]{subsection.2.9.1}{Scelta del parametro k}{section.2.9}% 18
\BOOKMARK [1][-]{section.2.10}{Naive bayes}{chapter.2}% 19
\BOOKMARK [2][-]{subsection.2.10.1}{Teorema di bayes}{section.2.10}% 20
\BOOKMARK [2][-]{subsection.2.10.2}{Rete bayesiana}{section.2.10}% 21
\BOOKMARK [2][-]{subsection.2.10.3}{Naive Bayes}{section.2.10}% 22
\BOOKMARK [2][-]{subsection.2.10.4}{Costruzione di una rete bayesiana ingenua}{section.2.10}% 23
\BOOKMARK [2][-]{subsection.2.10.5}{Predizione di risultati}{section.2.10}% 24
\BOOKMARK [2][-]{subsection.2.10.6}{Modelli generativi e discriminativi}{section.2.10}% 25
\BOOKMARK [2][-]{subsection.2.10.7}{Calcolo della probabilita' a priori}{section.2.10}% 26
\BOOKMARK [2][-]{subsection.2.10.8}{Modelli ad eventi}{section.2.10}% 27
\BOOKMARK [2][-]{subsection.2.10.9}{Un piccolo esempio basato su naive bayes}{section.2.10}% 28
\BOOKMARK [1][-]{section.2.11}{Alberi di decisione}{chapter.2}% 29
\BOOKMARK [2][-]{subsection.2.11.1}{Costruzione di un albero di decisione}{section.2.11}% 30
\BOOKMARK [2][-]{subsection.2.11.2}{Classificazione dei nuovi elementi}{section.2.11}% 31
\BOOKMARK [2][-]{subsection.2.11.3}{Un esempio di albero di decisione}{section.2.11}% 32
\BOOKMARK [1][-]{section.2.12}{Ricerca della posizione}{chapter.2}% 33
\BOOKMARK [0][-]{chapter.3}{Struttura del software}{}% 34
\BOOKMARK [1][-]{section.3.1}{Linguaggi e framework}{chapter.3}% 35
\BOOKMARK [1][-]{section.3.2}{Interfaccia grafica}{chapter.3}% 36
\BOOKMARK [1][-]{section.3.3}{Persistenza dei dati}{chapter.3}% 37
\BOOKMARK [1][-]{section.3.4}{Struttura del codice e design pattern}{chapter.3}% 38
\BOOKMARK [1][-]{section.3.5}{Analisi dei dati}{chapter.3}% 39
\BOOKMARK [1][-]{section.3.6}{Codice usato per l'analisi}{chapter.3}% 40
\BOOKMARK [0][-]{chapter.4}{Test}{}% 41
\BOOKMARK [1][-]{section.4.1}{Base dei test}{chapter.4}% 42
\BOOKMARK [1][-]{section.4.2}{Caratteristiche}{chapter.4}% 43
\BOOKMARK [1][-]{section.4.3}{Classificatori a confronto}{chapter.4}% 44
\BOOKMARK [1][-]{section.4.4}{Un rimedio ingenuo al rumore}{chapter.4}% 45
\BOOKMARK [0][-]{chapter.5}{Miglioramenti}{}% 46
\BOOKMARK [1][-]{section.5.1}{Possibili miglioramenti per la raccolta di dati}{chapter.5}% 47
